1617129684654	geckodriver	INFO	Listening on 127.0.0.1:59614
1617129687720	mozrunner::runner	INFO	Running command: "C:\\Program Files\\Mozilla Firefox\\firefox.exe" "--marionette" "-foreground" "-no-remote" "-profile" "C:\\Users\\MARTIN~1.SCH\\AppData\\Local\\Temp\\rust_mozprofile9834Nu"
console.warn: SearchSettings: "get: No settings file exists, new profile?" (new Error("", "(unknown module)"))
1617129689541	Marionette	INFO	Listening on port 59622
1617129689769	Marionette	WARN	TLS certificate errors will be ignored for this session
1617129697755	Marionette	INFO	Stopped listening on port 59622

###!!! [Child][RunMessage] Error: Channel closing: too late to send/recv, messages will be lost

1617129698309	geckodriver	INFO	Listening on 127.0.0.1:59746
1617129701345	mozrunner::runner	INFO	Running command: "C:\\Program Files\\Mozilla Firefox\\firefox.exe" "--marionette" "-foreground" "-no-remote" "-profile" "C:\\Users\\MARTIN~1.SCH\\AppData\\Local\\Temp\\rust_mozprofileTIE3IT"
console.warn: SearchSettings: "get: No settings file exists, new profile?" (new Error("", "(unknown module)"))
1617129703094	Marionette	INFO	Listening on port 59754
1617129703410	Marionette	WARN	TLS certificate errors will be ignored for this session
1617129725791	Marionette	INFO	Stopped listening on port 59754

###!!! [Child][RunMessage] Error: Channel closing: too late to send/recv, messages will be lost

1617130560952	geckodriver	INFO	Listening on 127.0.0.1:59924
1617130564025	mozrunner::runner	INFO	Running command: "C:\\Program Files\\Mozilla Firefox\\firefox.exe" "--marionette" "-foreground" "-no-remote" "-profile" "C:\\Users\\MARTIN~1.SCH\\AppData\\Local\\Temp\\rust_mozprofileIMehzS"
console.warn: SearchSettings: "get: No settings file exists, new profile?" (new Error("", "(unknown module)"))
1617130565781	Marionette	INFO	Listening on port 59932
1617130566075	Marionette	WARN	TLS certificate errors will be ignored for this session
1617130575650	Marionette	INFO	Stopped listening on port 59932
1617130576184	geckodriver	INFO	Listening on 127.0.0.1:60060
1617130579239	mozrunner::runner	INFO	Running command: "C:\\Program Files\\Mozilla Firefox\\firefox.exe" "--marionette" "-foreground" "-no-remote" "-profile" "C:\\Users\\MARTIN~1.SCH\\AppData\\Local\\Temp\\rust_mozprofileNpCQTp"
console.warn: SearchSettings: "get: No settings file exists, new profile?" (new Error("", "(unknown module)"))
1617130581298	Marionette	INFO	Listening on port 60068
1617130581396	Marionette	WARN	TLS certificate errors will be ignored for this session
1617130863898	Marionette	INFO	Stopped listening on port 60068

###!!! [Child][RunMessage] Error: Channel closing: too late to send/recv, messages will be lost

1618135411792	geckodriver	INFO	Listening on 127.0.0.1:61315
1618135414840	mozrunner::runner	INFO	Running command: "C:\\Program Files\\Mozilla Firefox\\firefox.exe" "--marionette" "-foreground" "-no-remote" "-profile" "C:\\Users\\MARTIN~1.SCH\\AppData\\Local\\Temp\\rust_mozprofile7VqLlH"
console.error: Policies.jsm: 
  Unable to find certificate - AC-ANTSv3-Racine-1.cer
console.error: Policies.jsm: 
  Unable to find certificate - AC-ANTSv3-Racine-1-igca.cer
console.error: Policies.jsm: 
  Unable to find certificate - AC-ANTSv3-AAE-2.cer
console.error: Policies.jsm: 
  Unable to find certificate - AC-ANTSv3-AAE-3.cer
console.error: Policies.jsm: 
  Unable to find certificate - AC-igca-2.1-20110708.cer
console.error: Policies.jsm: 
  Unable to find certificate - AC-Gestion_carte.cer
console.error: Policies.jsm: 
  Unable to find certificate - AC-ANTSv3-AAE-1.cer
console.error: Policies.jsm: 
  Unable to find certificate - serveur-1E-2018.crt
console.error: Policies.jsm: 
  Unable to find certificate - serveur-1e-2017.crt
console.error: Policies.jsm: 
  Unable to find certificate - acr-ministere-interieur-2018.crt
console.error: Policies.jsm: 
  Unable to find certificate - AC-racine-ministere-Interieur-2017.cer
console.error: Policies.jsm: 
  Unable to add security device ANTS-IAS_64
console.error: Policies.jsm: 
  Unable to add security device ANTS-IAS_32
JavaScript error: resource://gre/modules/XULStore.jsm, line 66: Error: Can't find profile directory.
console.error: BookmarksPolicies.jsm: 
  Message: Error: parentGuid must be valid
  Stack:
    insert/<@resource://gre/modules/Bookmarks.jsm:298:15

console.error: BookmarksPolicies.jsm: 
  Message: Error: parentGuid must be valid
  Stack:
    insert/<@resource://gre/modules/Bookmarks.jsm:298:15

console.error: BookmarksPolicies.jsm: 
  Message: Error: parentGuid must be valid
  Stack:
    insert/<@resource://gre/modules/Bookmarks.jsm:298:15

console.error: BookmarksPolicies.jsm: 
  Message: Error: parentGuid must be valid
  Stack:
    insert/<@resource://gre/modules/Bookmarks.jsm:298:15

console.error: BookmarksPolicies.jsm: 
  Message: Error: parentGuid must be valid
  Stack:
    insert/<@resource://gre/modules/Bookmarks.jsm:298:15

console.error: BookmarksPolicies.jsm: 
  Message: Error: parentGuid must be valid
  Stack:
    insert/<@resource://gre/modules/Bookmarks.jsm:298:15

1618135417816	Marionette	INFO	Listening on port 61323
1618135418093	Marionette	WARN	TLS certificate errors will be ignored for this session
1618135429577	Marionette	INFO	Stopped listening on port 61323

###!!! [Child][RunMessage] Error: Channel closing: too late to send/recv, messages will be lost


###!!! [Child][MessageChannel::SendAndWait] Error: Channel error: cannot send/recv

1618135431275	geckodriver	INFO	Listening on 127.0.0.1:61404
1618135434309	mozrunner::runner	INFO	Running command: "C:\\Program Files\\Mozilla Firefox\\firefox.exe" "--marionette" "-foreground" "-no-remote" "-profile" "C:\\Users\\MARTIN~1.SCH\\AppData\\Local\\Temp\\rust_mozprofilehvtAaX"
console.error: Policies.jsm: 
  Unable to find certificate - AC-ANTSv3-Racine-1.cer
console.error: Policies.jsm: 
  Unable to find certificate - AC-ANTSv3-Racine-1-igca.cer
console.error: Policies.jsm: 
  Unable to find certificate - AC-ANTSv3-AAE-2.cer
console.error: Policies.jsm: 
  Unable to find certificate - AC-ANTSv3-AAE-3.cer
console.error: Policies.jsm: 
  Unable to find certificate - AC-igca-2.1-20110708.cer
console.error: Policies.jsm: 
  Unable to find certificate - AC-Gestion_carte.cer
console.error: Policies.jsm: 
  Unable to find certificate - AC-ANTSv3-AAE-1.cer
console.error: Policies.jsm: 
  Unable to find certificate - serveur-1E-2018.crt
console.error: Policies.jsm: 
  Unable to find certificate - serveur-1e-2017.crt
console.error: Policies.jsm: 
  Unable to find certificate - acr-ministere-interieur-2018.crt
console.error: Policies.jsm: 
  Unable to find certificate - AC-racine-ministere-Interieur-2017.cer
console.error: Policies.jsm: 
  Unable to add security device ANTS-IAS_64
console.error: Policies.jsm: 
  Unable to add security device ANTS-IAS_32
JavaScript error: resource://gre/modules/XULStore.jsm, line 66: Error: Can't find profile directory.
console.error: BookmarksPolicies.jsm: 
  Message: Error: parentGuid must be valid
  Stack:
    insert/<@resource://gre/modules/Bookmarks.jsm:298:15

console.error: BookmarksPolicies.jsm: 
  Message: Error: parentGuid must be valid
  Stack:
    insert/<@resource://gre/modules/Bookmarks.jsm:298:15

console.error: BookmarksPolicies.jsm: 
  Message: Error: parentGuid must be valid
  Stack:
    insert/<@resource://gre/modules/Bookmarks.jsm:298:15

console.error: BookmarksPolicies.jsm: 
  Message: Error: parentGuid must be valid
  Stack:
    insert/<@resource://gre/modules/Bookmarks.jsm:298:15

console.error: BookmarksPolicies.jsm: 
  Message: Error: parentGuid must be valid
  Stack:
    insert/<@resource://gre/modules/Bookmarks.jsm:298:15

console.error: BookmarksPolicies.jsm: 
  Message: Error: parentGuid must be valid
  Stack:
    insert/<@resource://gre/modules/Bookmarks.jsm:298:15

1618135438625	Marionette	INFO	Listening on port 61415
1618135438996	Marionette	WARN	TLS certificate errors will be ignored for this session
1618135767136	Marionette	INFO	Stopped listening on port 61415

###!!! [Child][RunMessage] Error: Channel closing: too late to send/recv, messages will be lost


###!!! [Child][MessageChannel::SendAndWait] Error: Channel error: cannot send/recv

1618162654562	geckodriver	INFO	Listening on 127.0.0.1:58991
1618162657584	mozrunner::runner	INFO	Running command: "C:\\Program Files\\Mozilla Firefox\\firefox.exe" "--marionette" "-foreground" "-no-remote" "-profile" "C:\\Users\\MARTIN~1.SCH\\AppData\\Local\\Temp\\rust_mozprofileob7yad"
console.error: Policies.jsm: 
  Unable to find certificate - AC-ANTSv3-Racine-1.cer
console.error: Policies.jsm: 
  Unable to find certificate - AC-ANTSv3-Racine-1-igca.cer
console.error: Policies.jsm: 
  Unable to find certificate - AC-ANTSv3-AAE-2.cer
console.error: Policies.jsm: 
  Unable to find certificate - AC-ANTSv3-AAE-3.cer
console.error: Policies.jsm: 
  Unable to find certificate - AC-igca-2.1-20110708.cer
console.error: Policies.jsm: 
  Unable to find certificate - AC-Gestion_carte.cer
console.error: Policies.jsm: 
  Unable to find certificate - AC-ANTSv3-AAE-1.cer
console.error: Policies.jsm: 
  Unable to find certificate - serveur-1E-2018.crt
console.error: Policies.jsm: 
  Unable to find certificate - serveur-1e-2017.crt
console.error: Policies.jsm: 
  Unable to find certificate - acr-ministere-interieur-2018.crt
console.error: Policies.jsm: 
  Unable to find certificate - AC-racine-ministere-Interieur-2017.cer
console.error: Policies.jsm: 
  Unable to add security device ANTS-IAS_64
console.error: Policies.jsm: 
  Unable to add security device ANTS-IAS_32
JavaScript error: resource://gre/modules/XULStore.jsm, line 66: Error: Can't find profile directory.
console.error: BookmarksPolicies.jsm: 
  Message: Error: parentGuid must be valid
  Stack:
    insert/<@resource://gre/modules/Bookmarks.jsm:298:15

console.error: BookmarksPolicies.jsm: 
  Message: Error: parentGuid must be valid
  Stack:
    insert/<@resource://gre/modules/Bookmarks.jsm:298:15

console.error: BookmarksPolicies.jsm: 
  Message: Error: parentGuid must be valid
  Stack:
    insert/<@resource://gre/modules/Bookmarks.jsm:298:15

console.error: BookmarksPolicies.jsm: 
  Message: Error: parentGuid must be valid
  Stack:
    insert/<@resource://gre/modules/Bookmarks.jsm:298:15

console.error: BookmarksPolicies.jsm: 
  Message: Error: parentGuid must be valid
  Stack:
    insert/<@resource://gre/modules/Bookmarks.jsm:298:15

console.error: BookmarksPolicies.jsm: 
  Message: Error: parentGuid must be valid
  Stack:
    insert/<@resource://gre/modules/Bookmarks.jsm:298:15

1618162660909	Marionette	INFO	Listening on port 59002
1618162660921	Marionette	WARN	TLS certificate errors will be ignored for this session
1618162671371	Marionette	INFO	Stopped listening on port 59002

###!!! [Child][RunMessage] Error: Channel closing: too late to send/recv, messages will be lost


###!!! [Child][MessageChannel::SendAndWait] Error: Channel error: cannot send/recv

1618162672800	geckodriver	INFO	Listening on 127.0.0.1:59088
1618162675821	mozrunner::runner	INFO	Running command: "C:\\Program Files\\Mozilla Firefox\\firefox.exe" "--marionette" "-foreground" "-no-remote" "-profile" "C:\\Users\\MARTIN~1.SCH\\AppData\\Local\\Temp\\rust_mozprofileWJLNti"
console.error: Policies.jsm: 
  Unable to find certificate - AC-ANTSv3-Racine-1.cer
console.error: Policies.jsm: 
  Unable to find certificate - AC-ANTSv3-Racine-1-igca.cer
console.error: Policies.jsm: 
  Unable to find certificate - AC-ANTSv3-AAE-2.cer
console.error: Policies.jsm: 
  Unable to find certificate - AC-ANTSv3-AAE-3.cer
console.error: Policies.jsm: 
  Unable to find certificate - AC-igca-2.1-20110708.cer
console.error: Policies.jsm: 
  Unable to find certificate - AC-Gestion_carte.cer
console.error: Policies.jsm: 
  Unable to find certificate - AC-ANTSv3-AAE-1.cer
console.error: Policies.jsm: 
  Unable to find certificate - serveur-1E-2018.crt
console.error: Policies.jsm: 
  Unable to find certificate - serveur-1e-2017.crt
console.error: Policies.jsm: 
  Unable to find certificate - acr-ministere-interieur-2018.crt
console.error: Policies.jsm: 
  Unable to find certificate - AC-racine-ministere-Interieur-2017.cer
console.error: Policies.jsm: 
  Unable to add security device ANTS-IAS_64
console.error: Policies.jsm: 
  Unable to add security device ANTS-IAS_32
JavaScript error: resource://gre/modules/XULStore.jsm, line 66: Error: Can't find profile directory.
console.error: BookmarksPolicies.jsm: 
  Message: Error: parentGuid must be valid
  Stack:
    insert/<@resource://gre/modules/Bookmarks.jsm:298:15

console.error: BookmarksPolicies.jsm: 
  Message: Error: parentGuid must be valid
  Stack:
    insert/<@resource://gre/modules/Bookmarks.jsm:298:15

console.error: BookmarksPolicies.jsm: 
  Message: Error: parentGuid must be valid
  Stack:
    insert/<@resource://gre/modules/Bookmarks.jsm:298:15

console.error: BookmarksPolicies.jsm: 
  Message: Error: parentGuid must be valid
  Stack:
    insert/<@resource://gre/modules/Bookmarks.jsm:298:15

console.error: BookmarksPolicies.jsm: 
  Message: Error: parentGuid must be valid
  Stack:
    insert/<@resource://gre/modules/Bookmarks.jsm:298:15

console.error: BookmarksPolicies.jsm: 
  Message: Error: parentGuid must be valid
  Stack:
    insert/<@resource://gre/modules/Bookmarks.jsm:298:15

1618162680657	Marionette	INFO	Listening on port 59096
1618162680768	Marionette	WARN	TLS certificate errors will be ignored for this session
1618162692822	Marionette	ERROR	[36] No reply from Marionette:Register
1618162819690	Marionette	INFO	Stopped listening on port 59096

###!!! [Child][RunMessage] Error: Channel closing: too late to send/recv, messages will be lost


###!!! [Child][MessageChannel::SendAndWait] Error: Channel error: cannot send/recv

